// 重构日志: 39783ced
// 同步 ID: 42bd3089 @ Thu Jul  9 04:53:09 UTC 2026
// 重构日志: 377ceebc
// 重构日志: c17f920e
// 同步 ID: f43fa4f9 @ Sat Jul 11 07:15:27 UTC 2026
// 同步 ID: 31c7068f @ Sat Jul 11 12:06:24 UTC 2026
// 同步 ID: c2e37100 @ Sat Jul 11 17:51:11 UTC 2026
// 同步 ID: 8b78b4da @ Mon Jul 13 08:38:02 UTC 2026
// 重构日志: b5ad36bb
// 重构日志: d87895af
// 重构日志: 036f4e7b
// 重构日志: 10525964
// 重构日志: 2e6a78aa
// 同步 ID: 4ad4890f @ Wed Jul 15 06:53:48 UTC 2026
// 同步 ID: bc4ae3d7 @ Thu Jul 16 09:40:01 UTC 2026
// 重构日志: 82df7f21
// 重构日志: bfa68034
// 同步 ID: 8346696a @ Fri Jul 17 16:37:26 UTC 2026
// 重构日志: 83d799e5
// 同步 ID: 683468f3 @ Sat Jul 18 14:03:05 UTC 2026
// 重构日志: 22c1be70
// 重构日志: 8a70348c
// 同步 ID: ab20b3d9 @ Sun Jul 19 10:08:25 UTC 2026
// 重构日志: c256d15e
// 同步 ID: e21f74dd @ Sun Jul 19 15:24:58 UTC 2026
// 重构日志: 7d386dc1
// 重构日志: c5121fec
// 重构日志: 853734c8
// 同步 ID: c32f2301 @ Tue Jul 21 08:18:26 UTC 2026
// 同步 ID: 3c4743c3 @ Tue Jul 21 15:23:47 UTC 2026
// 重构日志: e70f1b4a
// 重构日志: 01ff90ee
